__tests__/AttendanceCard.test.tsx(8,7): error TS2741: Property 'photo_url' is missing in type '{ id: string; name: string; grade: number; class_id: string; is_active: true; parent_contact: string; birthday: null; gender: null; school_name: null; address: null; allergies: null; created_at: string; updated_at: string; }' but required in type 'Student'.
__tests__/StudentProfile.test.tsx(59,64): error TS2345: Argument of type '{ id: string; name: string; birthday: string; gender: string; school_name: string; grade: number; parent_contact: string; address: string; allergies: null; is_active: boolean; class_id: string; created_at: string; updated_at: string; }' is not assignable to parameter of type 'Student'.
  Property 'photo_url' is missing in type '{ id: string; name: string; birthday: string; gender: string; school_name: string; grade: number; parent_contact: string; address: string; allergies: null; is_active: boolean; class_id: string; created_at: string; updated_at: string; }' but required in type 'Student'.
__tests__/StudentProfile.test.tsx(86,64): error TS2345: Argument of type '{ id: string; name: string; birthday: string; gender: string; school_name: string; grade: number; parent_contact: string; address: string; allergies: null; is_active: boolean; class_id: string; created_at: string; updated_at: string; }' is not assignable to parameter of type 'Student'.
  Property 'photo_url' is missing in type '{ id: string; name: string; birthday: string; gender: string; school_name: string; grade: number; parent_contact: string; address: string; allergies: null; is_active: boolean; class_id: string; created_at: string; updated_at: string; }' but required in type 'Student'.
__tests__/StudentProfile.test.tsx(118,64): error TS2345: Argument of type '{ id: string; name: string; birthday: string; gender: string; school_name: string; grade: number; parent_contact: string; address: string; allergies: { food: string[]; medicine: string[]; other: string; }; is_active: boolean; class_id: string; created_at: string; updated_at: string; }' is not assignable to parameter of type 'Student'.
  Property 'photo_url' is missing in type '{ id: string; name: string; birthday: string; gender: string; school_name: string; grade: number; parent_contact: string; address: string; allergies: { food: string[]; medicine: string[]; other: string; }; is_active: boolean; class_id: string; created_at: string; updated_at: string; }' but required in type 'Student'.
__tests__/StudentProfile.test.tsx(148,64): error TS2345: Argument of type '{ id: string; name: string; birthday: string; gender: string; school_name: string; grade: number; parent_contact: string; address: string; allergies: null; is_active: boolean; class_id: string; created_at: string; updated_at: string; }' is not assignable to parameter of type 'Student'.
  Property 'photo_url' is missing in type '{ id: string; name: string; birthday: string; gender: string; school_name: string; grade: number; parent_contact: string; address: string; allergies: null; is_active: boolean; class_id: string; created_at: string; updated_at: string; }' but required in type 'Student'.
__tests__/StudentProfile.test.tsx(196,64): error TS2345: Argument of type '{ id: string; name: string; birthday: string; gender: string; school_name: string; grade: number; parent_contact: string; address: string; allergies: null; is_active: boolean; class_id: string; created_at: string; updated_at: string; }' is not assignable to parameter of type 'Student'.
  Property 'photo_url' is missing in type '{ id: string; name: string; birthday: string; gender: string; school_name: string; grade: number; parent_contact: string; address: string; allergies: null; is_active: boolean; class_id: string; created_at: string; updated_at: string; }' but required in type 'Student'.
